<?xml version="1.0" encoding="UTF-8"?>
<!-- Generated by org.testng.reporters.JUnitXMLReporter -->
<testsuite ignored="0" hostname="HomeDesktop2022" failures="1" tests="1" name="functionalTest" time="0.281" errors="0" timestamp="02 Apr 2023 19:08:07 GMT">
  <testcase classname="io.cucumber.testng.AbstractTestNGCucumberTests" name="runScenario" time="0.094">
    <failure type="io.cucumber.testng.UndefinedStepException" message="The step &amp;apos;user able to login the application&amp;apos; and 9 other step(s) are undefined.
You can implement these steps using the snippet(s) below:

@Given(&amp;quot;user able to login the application&amp;quot;)
public void user_able_to_login_the_application() {
    // Write code here that turns the phrase above into concrete actions
    throw new io.cucumber.java.PendingException();
}
@When(&amp;quot;user able to select Jackets from Men module&amp;quot;)
public void user_able_to_select_jackets_from_men_module() {
    // Write code here that turns the phrase above into concrete actions
    throw new io.cucumber.java.PendingException();
}
@When(&amp;quot;user able to select a Jacket product&amp;apos;s size, color, quantity&amp;quot;)
public void user_able_to_select_a_jacket_product_s_size_color_quantity() {
    // Write code here that turns the phrase above into concrete actions
    throw new io.cucumber.java.PendingException();
}
@When(&amp;quot;user able to click add to cart button&amp;quot;)
public void user_able_to_click_add_to_cart_button() {
    // Write code here that turns the phrase above into concrete actions
    throw new io.cucumber.java.PendingException();
}
@When(&amp;quot;user able to click on the shopping cart pop-up&amp;quot;)
public void user_able_to_click_on_the_shopping_cart_pop_up() {
    // Write code here that turns the phrase above into concrete actions
    throw new io.cucumber.java.PendingException();
}
@When(&amp;quot;user able to click on the proceed to checkout&amp;quot;)
public void user_able_to_click_on_the_proceed_to_checkout() {
    // Write code here that turns the phrase above into concrete actions
    throw new io.cucumber.java.PendingException();
}
@When(&amp;quot;user able to add shipping information&amp;quot;)
public void user_able_to_add_shipping_information() {
    // Write code here that turns the phrase above into concrete actions
    throw new io.cucumber.java.PendingException();
}
@When(&amp;quot;user able to select shipping method radial button and click on next button&amp;quot;)
public void user_able_to_select_shipping_method_radial_button_and_click_on_next_button() {
    // Write code here that turns the phrase above into concrete actions
    throw new io.cucumber.java.PendingException();
}
@When(&amp;quot;user able to click on the place order button&amp;quot;)
public void user_able_to_click_on_the_place_order_button() {
    // Write code here that turns the phrase above into concrete actions
    throw new io.cucumber.java.PendingException();
}
@Then(&amp;quot;user able to verify the confirmation message {string}&amp;quot;)
public void user_able_to_verify_the_confirmation_message(String string) {
    // Write code here that turns the phrase above into concrete actions
    throw new io.cucumber.java.PendingException();
}
">
      <![CDATA[io.cucumber.testng.UndefinedStepException: The step 'user able to login the application' and 9 other step(s) are undefined.
You can implement these steps using the snippet(s) below:

@Given("user able to login the application")
public void user_able_to_login_the_application() {
    // Write code here that turns the phrase above into concrete actions
    throw new io.cucumber.java.PendingException();
}
@When("user able to select Jackets from Men module")
public void user_able_to_select_jackets_from_men_module() {
    // Write code here that turns the phrase above into concrete actions
    throw new io.cucumber.java.PendingException();
}
@When("user able to select a Jacket product's size, color, quantity")
public void user_able_to_select_a_jacket_product_s_size_color_quantity() {
    // Write code here that turns the phrase above into concrete actions
    throw new io.cucumber.java.PendingException();
}
@When("user able to click add to cart button")
public void user_able_to_click_add_to_cart_button() {
    // Write code here that turns the phrase above into concrete actions
    throw new io.cucumber.java.PendingException();
}
@When("user able to click on the shopping cart pop-up")
public void user_able_to_click_on_the_shopping_cart_pop_up() {
    // Write code here that turns the phrase above into concrete actions
    throw new io.cucumber.java.PendingException();
}
@When("user able to click on the proceed to checkout")
public void user_able_to_click_on_the_proceed_to_checkout() {
    // Write code here that turns the phrase above into concrete actions
    throw new io.cucumber.java.PendingException();
}
@When("user able to add shipping information")
public void user_able_to_add_shipping_information() {
    // Write code here that turns the phrase above into concrete actions
    throw new io.cucumber.java.PendingException();
}
@When("user able to select shipping method radial button and click on next button")
public void user_able_to_select_shipping_method_radial_button_and_click_on_next_button() {
    // Write code here that turns the phrase above into concrete actions
    throw new io.cucumber.java.PendingException();
}
@When("user able to click on the place order button")
public void user_able_to_click_on_the_place_order_button() {
    // Write code here that turns the phrase above into concrete actions
    throw new io.cucumber.java.PendingException();
}
@Then("user able to verify the confirmation message {string}")
public void user_able_to_verify_the_confirmation_message(String string) {
    // Write code here that turns the phrase above into concrete actions
    throw new io.cucumber.java.PendingException();
}

at io.cucumber.core.runtime.TestCaseResultObserver.assertTestCasePassed(TestCaseResultObserver.java:69)
at io.cucumber.testng.TestCaseResultObserver.assertTestCasePassed(TestCaseResultObserver.java:23)
at io.cucumber.testng.TestNGCucumberRunner.lambda$runScenario$0(TestNGCucumberRunner.java:118)
at io.cucumber.core.runtime.CucumberExecutionContext.runTestCase(CucumberExecutionContext.java:117)
at io.cucumber.testng.TestNGCucumberRunner.runScenario(TestNGCucumberRunner.java:114)
at io.cucumber.testng.AbstractTestNGCucumberTests.runScenario(AbstractTestNGCucumberTests.java:31)
... Removed 25 stack frames]]>
    </failure>
  </testcase> <!-- runScenario -->
</testsuite> <!-- functionalTest -->
